C:\MINGLE\COURSES\COMPUTERANIMATION\2016SPRING\EXAMPLECODE2016\CA_BVHVIEWER\BVHPLAYER\RELEASE\BODY.OBJ
C:\MINGLE\COURSES\COMPUTERANIMATION\2016SPRING\EXAMPLECODE2016\CA_BVHVIEWER\BVHPLAYER\RELEASE\BVH_ANIMATION.OBJ
C:\MINGLE\COURSES\COMPUTERANIMATION\2016SPRING\EXAMPLECODE2016\CA_BVHVIEWER\BVHPLAYER\RELEASE\BVHPLAYER.EXE.INTERMEDIATE.MANIFEST
C:\Mingle\Courses\ComputerAnimation\2016Spring\ExampleCode2016\CA_BVHViewer\BVHPlayer\Release\BVHPlayer.write.1.tlog
C:\MINGLE\COURSES\COMPUTERANIMATION\2016SPRING\EXAMPLECODE2016\CA_BVHVIEWER\BVHPLAYER\RELEASE\BVHPLAYER_MAIN.OBJ
C:\MINGLE\COURSES\COMPUTERANIMATION\2016SPRING\EXAMPLECODE2016\CA_BVHVIEWER\BVHPLAYER\RELEASE\CCML.OBJ
C:\Mingle\Courses\ComputerAnimation\2016Spring\ExampleCode2016\CA_BVHViewer\BVHPlayer\Release\cl.command.1.tlog
C:\Mingle\Courses\ComputerAnimation\2016Spring\ExampleCode2016\CA_BVHViewer\BVHPlayer\Release\CL.read.1.tlog
C:\Mingle\Courses\ComputerAnimation\2016Spring\ExampleCode2016\CA_BVHViewer\BVHPlayer\Release\CL.write.1.tlog
C:\MINGLE\COURSES\COMPUTERANIMATION\2016SPRING\EXAMPLECODE2016\CA_BVHVIEWER\BVHPLAYER\RELEASE\COMMON.OBJ
C:\MINGLE\COURSES\COMPUTERANIMATION\2016SPRING\EXAMPLECODE2016\CA_BVHVIEWER\BVHPLAYER\RELEASE\CONSTRAINT.OBJ
C:\MINGLE\COURSES\COMPUTERANIMATION\2016SPRING\EXAMPLECODE2016\CA_BVHVIEWER\BVHPLAYER\RELEASE\FUNC.OBJ
C:\Mingle\Courses\ComputerAnimation\2016Spring\ExampleCode2016\CA_BVHViewer\BVHPlayer\Release\link.command.1.tlog
C:\Mingle\Courses\ComputerAnimation\2016Spring\ExampleCode2016\CA_BVHViewer\BVHPlayer\Release\link.read.1.tlog
C:\Mingle\Courses\ComputerAnimation\2016Spring\ExampleCode2016\CA_BVHViewer\BVHPlayer\Release\link.write.1.tlog
C:\MINGLE\COURSES\COMPUTERANIMATION\2016SPRING\EXAMPLECODE2016\CA_BVHVIEWER\BVHPLAYER\RELEASE\MOTION.OBJ
C:\Mingle\Courses\ComputerAnimation\2016Spring\ExampleCode2016\CA_BVHViewer\BVHPlayer\Release\mt.command.1.tlog
C:\Mingle\Courses\ComputerAnimation\2016Spring\ExampleCode2016\CA_BVHViewer\BVHPlayer\Release\mt.read.1.tlog
C:\Mingle\Courses\ComputerAnimation\2016Spring\ExampleCode2016\CA_BVHViewer\BVHPlayer\Release\mt.write.1.tlog
C:\MINGLE\COURSES\COMPUTERANIMATION\2016SPRING\EXAMPLECODE2016\CA_BVHVIEWER\BVHPLAYER\RELEASE\ONLINE_RETARGET.OBJ
C:\MINGLE\COURSES\COMPUTERANIMATION\2016SPRING\EXAMPLECODE2016\CA_BVHVIEWER\BVHPLAYER\RELEASE\POSTURE.OBJ
C:\MINGLE\COURSES\COMPUTERANIMATION\2016SPRING\EXAMPLECODE2016\CA_BVHVIEWER\BVHPLAYER\RELEASE\READER.OBJ
C:\MINGLE\COURSES\COMPUTERANIMATION\2016SPRING\EXAMPLECODE2016\CA_BVHVIEWER\BVHPLAYER\RELEASE\VC100.PDB
C:\MINGLE\COURSES\COMPUTERANIMATION\2016SPRING\EXAMPLECODE2016\CA_BVHVIEWER\RELEASE\BVHPLAYER.EXE
