C:\Mingle\Courses\ComputerAnimation\2016Spring\ExampleCode2016\CA_BVHViewer\\Lib\BaseLib.lib
C:\MINGLE\COURSES\COMPUTERANIMATION\2016SPRING\EXAMPLECODE2016\CA_BVHVIEWER\BASELIB\RELEASE\AABOX.OBJ
C:\Mingle\Courses\ComputerAnimation\2016Spring\ExampleCode2016\CA_BVHViewer\BaseLib\Release\BaseLib.write.1.tlog
C:\MINGLE\COURSES\COMPUTERANIMATION\2016SPRING\EXAMPLECODE2016\CA_BVHVIEWER\BASELIB\RELEASE\BODY.OBJ
C:\MINGLE\COURSES\COMPUTERANIMATION\2016SPRING\EXAMPLECODE2016\CA_BVHVIEWER\BASELIB\RELEASE\CCML.OBJ
C:\Mingle\Courses\ComputerAnimation\2016Spring\ExampleCode2016\CA_BVHViewer\BaseLib\Release\cl.command.1.tlog
C:\Mingle\Courses\ComputerAnimation\2016Spring\ExampleCode2016\CA_BVHViewer\BaseLib\Release\CL.read.1.tlog
C:\Mingle\Courses\ComputerAnimation\2016Spring\ExampleCode2016\CA_BVHViewer\BaseLib\Release\CL.write.1.tlog
C:\MINGLE\COURSES\COMPUTERANIMATION\2016SPRING\EXAMPLECODE2016\CA_BVHVIEWER\BASELIB\RELEASE\CMLCAMERA.OBJ
C:\MINGLE\COURSES\COMPUTERANIMATION\2016SPRING\EXAMPLECODE2016\CA_BVHVIEWER\BASELIB\RELEASE\CMLEXT.OBJ
C:\MINGLE\COURSES\COMPUTERANIMATION\2016SPRING\EXAMPLECODE2016\CA_BVHVIEWER\BASELIB\RELEASE\COMMON.OBJ
C:\MINGLE\COURSES\COMPUTERANIMATION\2016SPRING\EXAMPLECODE2016\CA_BVHVIEWER\BASELIB\RELEASE\CONSTRAINT.OBJ
C:\MINGLE\COURSES\COMPUTERANIMATION\2016SPRING\EXAMPLECODE2016\CA_BVHVIEWER\BASELIB\RELEASE\FUNC.OBJ
C:\MINGLE\COURSES\COMPUTERANIMATION\2016SPRING\EXAMPLECODE2016\CA_BVHVIEWER\BASELIB\RELEASE\GL_MATERIAL.OBJ
C:\MINGLE\COURSES\COMPUTERANIMATION\2016SPRING\EXAMPLECODE2016\CA_BVHVIEWER\BASELIB\RELEASE\GL_RENDERABLEOBJ.OBJ
C:\MINGLE\COURSES\COMPUTERANIMATION\2016SPRING\EXAMPLECODE2016\CA_BVHVIEWER\BASELIB\RELEASE\GL_RENDERER.OBJ
C:\MINGLE\COURSES\COMPUTERANIMATION\2016SPRING\EXAMPLECODE2016\CA_BVHVIEWER\BASELIB\RELEASE\GL_RESOURCEMANAGER.OBJ
C:\MINGLE\COURSES\COMPUTERANIMATION\2016SPRING\EXAMPLECODE2016\CA_BVHVIEWER\BASELIB\RELEASE\GL_SHADERPROGRAM.OBJ
C:\MINGLE\COURSES\COMPUTERANIMATION\2016SPRING\EXAMPLECODE2016\CA_BVHVIEWER\BASELIB\RELEASE\GL_TEXTURE.OBJ
C:\MINGLE\COURSES\COMPUTERANIMATION\2016SPRING\EXAMPLECODE2016\CA_BVHVIEWER\BASELIB\RELEASE\GL_VBOVAO.OBJ
C:\Mingle\Courses\ComputerAnimation\2016Spring\ExampleCode2016\CA_BVHViewer\BaseLib\Release\lib.command.1.tlog
C:\Mingle\Courses\ComputerAnimation\2016Spring\ExampleCode2016\CA_BVHViewer\BaseLib\Release\Lib-link.read.1.tlog
C:\Mingle\Courses\ComputerAnimation\2016Spring\ExampleCode2016\CA_BVHViewer\BaseLib\Release\Lib-link.write.1.tlog
C:\MINGLE\COURSES\COMPUTERANIMATION\2016SPRING\EXAMPLECODE2016\CA_BVHVIEWER\BASELIB\RELEASE\LINE.OBJ
C:\MINGLE\COURSES\COMPUTERANIMATION\2016SPRING\EXAMPLECODE2016\CA_BVHVIEWER\BASELIB\RELEASE\MATERIAL.OBJ
C:\MINGLE\COURSES\COMPUTERANIMATION\2016SPRING\EXAMPLECODE2016\CA_BVHVIEWER\BASELIB\RELEASE\MESH.OBJ
C:\MINGLE\COURSES\COMPUTERANIMATION\2016SPRING\EXAMPLECODE2016\CA_BVHVIEWER\BASELIB\RELEASE\MESHHEADMODEL01.OBJ
C:\MINGLE\COURSES\COMPUTERANIMATION\2016SPRING\EXAMPLECODE2016\CA_BVHVIEWER\BASELIB\RELEASE\MESHHEMISPHERE.OBJ
C:\MINGLE\COURSES\COMPUTERANIMATION\2016SPRING\EXAMPLECODE2016\CA_BVHVIEWER\BASELIB\RELEASE\MESHSPHERE.OBJ
C:\MINGLE\COURSES\COMPUTERANIMATION\2016SPRING\EXAMPLECODE2016\CA_BVHVIEWER\BASELIB\RELEASE\MOTION.OBJ
C:\MINGLE\COURSES\COMPUTERANIMATION\2016SPRING\EXAMPLECODE2016\CA_BVHVIEWER\BASELIB\RELEASE\OBJFILETOCARRAYS.OBJ
C:\MINGLE\COURSES\COMPUTERANIMATION\2016SPRING\EXAMPLECODE2016\CA_BVHVIEWER\BASELIB\RELEASE\ONLINE_RETARGET.OBJ
C:\MINGLE\COURSES\COMPUTERANIMATION\2016SPRING\EXAMPLECODE2016\CA_BVHVIEWER\BASELIB\RELEASE\POINTSEQUENCE.OBJ
C:\MINGLE\COURSES\COMPUTERANIMATION\2016SPRING\EXAMPLECODE2016\CA_BVHVIEWER\BASELIB\RELEASE\POSTURE.OBJ
C:\MINGLE\COURSES\COMPUTERANIMATION\2016SPRING\EXAMPLECODE2016\CA_BVHVIEWER\BASELIB\RELEASE\PRIMITIVECOLLISION.OBJ
C:\MINGLE\COURSES\COMPUTERANIMATION\2016SPRING\EXAMPLECODE2016\CA_BVHVIEWER\BASELIB\RELEASE\PRIMITIVESHAPE.OBJ
C:\MINGLE\COURSES\COMPUTERANIMATION\2016SPRING\EXAMPLECODE2016\CA_BVHVIEWER\BASELIB\RELEASE\READER.OBJ
C:\MINGLE\COURSES\COMPUTERANIMATION\2016SPRING\EXAMPLECODE2016\CA_BVHVIEWER\BASELIB\RELEASE\SOLIDOBJECT.OBJ
C:\MINGLE\COURSES\COMPUTERANIMATION\2016SPRING\EXAMPLECODE2016\CA_BVHVIEWER\BASELIB\RELEASE\VC100.PDB
C:\MINGLE\COURSES\COMPUTERANIMATION\2016SPRING\EXAMPLECODE2016\CA_BVHVIEWER\LIB\BASELIB.LIB
