C:\Mingle\Courses\3DGraphics\Examples\RayTracing_by_Project\RayTracingAni\RayTracingAni\Release\cl.command.1.tlog
C:\Mingle\Courses\3DGraphics\Examples\RayTracing_by_Project\RayTracingAni\RayTracingAni\Release\CL.read.1.tlog
C:\Mingle\Courses\3DGraphics\Examples\RayTracing_by_Project\RayTracingAni\RayTracingAni\Release\CL.write.1.tlog
C:\Mingle\Courses\3DGraphics\Examples\RayTracing_by_Project\RayTracingAni\RayTracingAni\Release\link.command.1.tlog
C:\Mingle\Courses\3DGraphics\Examples\RayTracing_by_Project\RayTracingAni\RayTracingAni\Release\link.read.1.tlog
C:\Mingle\Courses\3DGraphics\Examples\RayTracing_by_Project\RayTracingAni\RayTracingAni\Release\link.write.1.tlog
C:\Mingle\Courses\3DGraphics\Examples\RayTracing_by_Project\RayTracingAni\RayTracingAni\Release\mt.command.1.tlog
C:\Mingle\Courses\3DGraphics\Examples\RayTracing_by_Project\RayTracingAni\RayTracingAni\Release\mt.read.1.tlog
C:\Mingle\Courses\3DGraphics\Examples\RayTracing_by_Project\RayTracingAni\RayTracingAni\Release\mt.write.1.tlog
C:\Mingle\Courses\3DGraphics\Examples\RayTracing_by_Project\RayTracingAni\RayTracingAni\Release\RayTracingAni.cu.cache
C:\Mingle\Courses\3DGraphics\Examples\RayTracing_by_Project\RayTracingAni\RayTracingAni\Release\RayTracingAni.cu.obj
C:\MINGLE\COURSES\3DGRAPHICS\EXAMPLES\RAYTRACING_BY_PROJECT\RAYTRACINGANI\RAYTRACINGANI\RELEASE\RAYTRACINGANI.EXE.INTERMEDIATE.MANIFEST
C:\Mingle\Courses\3DGraphics\Examples\RayTracing_by_Project\RayTracingAni\RayTracingAni\Release\RayTracingAni.vcxprojResolveAssemblyReference.cache
C:\Mingle\Courses\3DGraphics\Examples\RayTracing_by_Project\RayTracingAni\RayTracingAni\Release\RayTracingAni.write.1.tlog
C:\MINGLE\COURSES\3DGRAPHICS\EXAMPLES\RAYTRACING_BY_PROJECT\RAYTRACINGANI\RAYTRACINGANI\RELEASE\RAYTRACINGANI_MAIN.OBJ
C:\Mingle\Courses\3DGraphics\Examples\RayTracing_by_Project\RayTracingAni\RayTracingAni\Release\RayTracingReflection.cu.cache
C:\Mingle\Courses\3DGraphics\Examples\RayTracing_by_Project\RayTracingAni\RayTracingAni\Release\RayTracingReflection.cu.obj
C:\Mingle\Courses\3DGraphics\Examples\RayTracing_by_Project\RayTracingAni\RayTracingAni\Release\RayTracingReflection.exe.intermediate.manifest
C:\Mingle\Courses\3DGraphics\Examples\RayTracing_by_Project\RayTracingAni\RayTracingAni\Release\RayTracingReflection.write.1.tlog
C:\Mingle\Courses\3DGraphics\Examples\RayTracing_by_Project\RayTracingAni\RayTracingAni\Release\RayTracingReflection_main.obj
C:\MINGLE\COURSES\3DGRAPHICS\EXAMPLES\RAYTRACING_BY_PROJECT\RAYTRACINGANI\RAYTRACINGANI\RELEASE\VC100.PDB
C:\MINGLE\COURSES\3DGRAPHICS\EXAMPLES\RAYTRACING_BY_PROJECT\RAYTRACINGANI\RELEASE\RAYTRACINGANI.EXE
C:\MINGLE\COURSES\3DGRAPHICS\EXAMPLES\RAYTRACING_BY_PROJECT\RAYTRACINGANI\RELEASE\RAYTRACINGANI.PDB
C:\MINGLE\COURSES\3DGRAPHICS\EXAMPLES\RAYTRACINGSTARTINGCODE\RAYTRACINGANI\RELEASE\RAYTRACINGANI.EXE.INTERMEDIATE.MANIFEST
C:\MINGLE\COURSES\3DGRAPHICS\EXAMPLES\RAYTRACINGSTARTINGCODE\RAYTRACINGANI\RELEASE\RAYTRACINGANI_MAIN.OBJ
C:\MINGLE\COURSES\3DGRAPHICS\EXAMPLES\RAYTRACINGSTARTINGCODE\RAYTRACINGANI\RELEASE\VC100.PDB
C:\MINGLE\COURSES\3DGRAPHICS\EXAMPLES\RAYTRACINGSTARTINGCODE\RAYTRACINGREFLECTION\RELEASE\RAYTRACINGREFLECTION.EXE.INTERMEDIATE.MANIFEST
C:\MINGLE\COURSES\3DGRAPHICS\EXAMPLES\RAYTRACINGSTARTINGCODE\RAYTRACINGREFLECTION\RELEASE\RAYTRACINGREFLECTION_MAIN.OBJ
C:\MINGLE\COURSES\3DGRAPHICS\EXAMPLES\RAYTRACINGSTARTINGCODE\RAYTRACINGREFLECTION\RELEASE\VC100.PDB
C:\MINGLE\COURSES\3DGRAPHICS\EXAMPLES\RAYTRACINGSTARTINGCODE\RELEASE\RAYTRACINGANI.EXE
C:\MINGLE\COURSES\3DGRAPHICS\EXAMPLES\RAYTRACINGSTARTINGCODE\RELEASE\RAYTRACINGANI.PDB
C:\MINGLE\COURSES\3DGRAPHICS\EXAMPLES\RAYTRACINGSTARTINGCODE\RELEASE\RAYTRACINGREFLECTION.EXE
C:\MINGLE\COURSES\3DGRAPHICS\EXAMPLES\RAYTRACINGSTARTINGCODE\RELEASE\RAYTRACINGREFLECTION.PDB
C:\PROGRAM FILES\AHNLAB\SAFE TRANSACTION\LOG\NZBRCO32.LOG
