빌드 시작: 2016-12-11 오후 9:15:13
     1>2 노드의 "I:\201321715이지혜_RayTracing\RayTracingAni\RayTracingAni.vcxproj" 프로젝트(build 대상)입니다.
     1>InitializeBuildStatus:
         "AlwaysCreate"이(가) 지정되었기 때문에 "Release\RayTracingAni.unsuccessfulbuild"을(를) 만들고 있습니다.
       AddCudaCompileDeps:
         C:\Program Files (x86)\Microsoft Visual Studio 10.0\VC\bin\cl.exe /E /nologo /showIncludes /TP /D__CUDACC__ /DFL_DLL /DWIN32 /DNDEBUG /D_CONSOLE /D_MBCS /I../Include /I"C:\Program Files\NVIDIA GPU Computing Toolkit\CUDA\v6.5\include" /I"C:\Program Files\NVIDIA GPU Computing Toolkit\CUDA\v6.5\include" /I"C:\Program Files\NVIDIA GPU Computing Toolkit\CUDA\v6.5\bin" /I"C:\Program Files\NVIDIA GPU Computing Toolkit\CUDA\v6.5\include" /I. /FIcuda_runtime.h /c I:\201321715이지혜_RayTracing\RayTracingAni\RayTracingAni.cu 
       AddCudaCompilePropsDeps:
       해당 입력 파일과 비교하여 출력 파일이 모두 최신 파일이므로 "AddCudaCompilePropsDeps" 대상을 건너뜁니다.
       CudaBuild:
         Compiling CUDA source file RayTracingAni.cu...
         cmd.exe /C "C:\Users\user\AppData\Local\Temp\tmp0b055f41239f4e52bd147bc524da0e6b.cmd"
         "C:\Program Files\NVIDIA GPU Computing Toolkit\CUDA\v6.5\bin\nvcc.exe" -gencode=arch=compute_20,code=\"sm_20,compute_20\" --use-local-env --cl-version 2010 -ccbin "C:\Program Files (x86)\Microsoft Visual Studio 10.0\VC\bin"  -I../Include -I"C:\Program Files\NVIDIA GPU Computing Toolkit\CUDA\v6.5\include" -I"C:\Program Files\NVIDIA GPU Computing Toolkit\CUDA\v6.5\include" -I"C:\Program Files\NVIDIA GPU Computing Toolkit\CUDA\v6.5\include"     --keep-dir Release -maxrregcount=0  --machine 32 --compile -cudart static     -DFL_DLL -DWIN32 -DNDEBUG -D_CONSOLE -D_MBCS -Xcompiler "/EHsc /W3 /nologo /O2 /Zi  /MD  " -o Release\RayTracingAni.cu.obj "I:\201321715이지혜_RayTracing\RayTracingAni\RayTracingAni.cu"
         
         I:\201321715이지혜_RayTracing\RayTracingAni>"C:\Program Files\NVIDIA GPU Computing Toolkit\CUDA\v6.5\bin\nvcc.exe" -gencode=arch=compute_20,code=\"sm_20,compute_20\" --use-local-env --cl-version 2010 -ccbin "C:\Program Files (x86)\Microsoft Visual Studio 10.0\VC\bin"  -I../Include -I"C:\Program Files\NVIDIA GPU Computing Toolkit\CUDA\v6.5\include" -I"C:\Program Files\NVIDIA GPU Computing Toolkit\CUDA\v6.5\include" -I"C:\Program Files\NVIDIA GPU Computing Toolkit\CUDA\v6.5\include"     --keep-dir Release -maxrregcount=0  --machine 32 --compile -cudart static     -DFL_DLL -DWIN32 -DNDEBUG -D_CONSOLE -D_MBCS -Xcompiler "/EHsc /W3 /nologo /O2 /Zi  /MD  " -o Release\RayTracingAni.cu.obj "I:\201321715이지혜_RayTracing\RayTracingAni\RayTracingAni.cu" 
     1>c:\program files\nvidia gpu computing toolkit\cuda\v6.5\include\math_functions.h : warning C4819: 현재 코드 페이지(949)에서 표시할 수 없는 문자가 파일에 들어 있습니다. 데이터가 손실되지 않게 하려면 해당 파일을 유니코드 형식으로 저장하십시오.
     1>c:\program files\nvidia gpu computing toolkit\cuda\v6.5\include\math_functions.h(853): warning C4819: 현재 코드 페이지(949)에서 표시할 수 없는 문자가 파일에 들어 있습니다. 데이터가 손실되지 않게 하려면 해당 파일을 유니코드 형식으로 저장하십시오.
     1>c:\program files\nvidia gpu computing toolkit\cuda\v6.5\include\math_functions.h(1820): warning C4819: 현재 코드 페이지(949)에서 표시할 수 없는 문자가 파일에 들어 있습니다. 데이터가 손실되지 않게 하려면 해당 파일을 유니코드 형식으로 저장하십시오.
     1>c:\program files\nvidia gpu computing toolkit\cuda\v6.5\include\math_functions.h(2700): warning C4819: 현재 코드 페이지(949)에서 표시할 수 없는 문자가 파일에 들어 있습니다. 데이터가 손실되지 않게 하려면 해당 파일을 유니코드 형식으로 저장하십시오.
     1>c:\program files\nvidia gpu computing toolkit\cuda\v6.5\include\math_functions.h(3633): warning C4819: 현재 코드 페이지(949)에서 표시할 수 없는 문자가 파일에 들어 있습니다. 데이터가 손실되지 않게 하려면 해당 파일을 유니코드 형식으로 저장하십시오.
     1>c:\program files\nvidia gpu computing toolkit\cuda\v6.5\include\math_functions.h(4541): warning C4819: 현재 코드 페이지(949)에서 표시할 수 없는 문자가 파일에 들어 있습니다. 데이터가 손실되지 않게 하려면 해당 파일을 유니코드 형식으로 저장하십시오.
     1>c:\program files\nvidia gpu computing toolkit\cuda\v6.5\include\math_functions.h(5447): warning C4819: 현재 코드 페이지(949)에서 표시할 수 없는 문자가 파일에 들어 있습니다. 데이터가 손실되지 않게 하려면 해당 파일을 유니코드 형식으로 저장하십시오.
     1>c:\program files\nvidia gpu computing toolkit\cuda\v6.5\include\math_functions.h(6341): warning C4819: 현재 코드 페이지(949)에서 표시할 수 없는 문자가 파일에 들어 있습니다. 데이터가 손실되지 않게 하려면 해당 파일을 유니코드 형식으로 저장하십시오.
     1>c:\program files\nvidia gpu computing toolkit\cuda\v6.5\include\math_functions.h(7191): warning C4819: 현재 코드 페이지(949)에서 표시할 수 없는 문자가 파일에 들어 있습니다. 데이터가 손실되지 않게 하려면 해당 파일을 유니코드 형식으로 저장하십시오.
     1>c:\program files\nvidia gpu computing toolkit\cuda\v6.5\include\device_functions.h : warning C4819: 현재 코드 페이지(949)에서 표시할 수 없는 문자가 파일에 들어 있습니다. 데이터가 손실되지 않게 하려면 해당 파일을 유니코드 형식으로 저장하십시오.
     1>c:\program files\nvidia gpu computing toolkit\cuda\v6.5\include\device_functions.h(783): warning C4819: 현재 코드 페이지(949)에서 표시할 수 없는 문자가 파일에 들어 있습니다. 데이터가 손실되지 않게 하려면 해당 파일을 유니코드 형식으로 저장하십시오.
     1>c:\program files\nvidia gpu computing toolkit\cuda\v6.5\include\device_functions.h(1659): warning C4819: 현재 코드 페이지(949)에서 표시할 수 없는 문자가 파일에 들어 있습니다. 데이터가 손실되지 않게 하려면 해당 파일을 유니코드 형식으로 저장하십시오.
     1>c:\program files\nvidia gpu computing toolkit\cuda\v6.5\include\sm_13_double_functions.h : warning C4819: 현재 코드 페이지(949)에서 표시할 수 없는 문자가 파일에 들어 있습니다. 데이터가 손실되지 않게 하려면 해당 파일을 유니코드 형식으로 저장하십시오.
     1>I:/201321715이지혜_RayTracing/RayTracingAni/RayTracingAni.cu(174): warning : initial value of reference to non-const must be an lvalue
         
     1>I:/201321715이지혜_RayTracing/RayTracingAni/RayTracingAni.cu(177): warning : missing return statement at end of non-void function "TestIntersection(Ray, Cone, float3 &, float3 &)"
         
     1>I:/201321715이지혜_RayTracing/RayTracingAni/RayTracingAni.cu(191): warning : initial value of reference to non-const must be an lvalue
         
     1>I:/201321715이지혜_RayTracing/RayTracingAni/RayTracingAni.cu(195): warning : initial value of reference to non-const must be an lvalue
         
     1>I:/201321715이지혜_RayTracing/RayTracingAni/RayTracingAni.cu(214): warning : initial value of reference to non-const must be an lvalue
         
     1>I:/201321715이지혜_RayTracing/RayTracingAni/RayTracingAni.cu(219): warning : initial value of reference to non-const must be an lvalue
         
     1>I:/201321715이지혜_RayTracing/RayTracingAni/RayTracingAni.cu(287): warning : initial value of reference to non-const must be an lvalue
         
     1>I:/201321715이지혜_RayTracing/RayTracingAni/RayTracingAni.cu(299): warning : initial value of reference to non-const must be an lvalue
         
     1>c:\program files\nvidia gpu computing toolkit\cuda\v6.5\include\math_functions.h : warning C4819: 현재 코드 페이지(949)에서 표시할 수 없는 문자가 파일에 들어 있습니다. 데이터가 손실되지 않게 하려면 해당 파일을 유니코드 형식으로 저장하십시오.
     1>c:\program files\nvidia gpu computing toolkit\cuda\v6.5\include\math_functions.h(853): warning C4819: 현재 코드 페이지(949)에서 표시할 수 없는 문자가 파일에 들어 있습니다. 데이터가 손실되지 않게 하려면 해당 파일을 유니코드 형식으로 저장하십시오.
     1>c:\program files\nvidia gpu computing toolkit\cuda\v6.5\include\math_functions.h(1820): warning C4819: 현재 코드 페이지(949)에서 표시할 수 없는 문자가 파일에 들어 있습니다. 데이터가 손실되지 않게 하려면 해당 파일을 유니코드 형식으로 저장하십시오.
     1>c:\program files\nvidia gpu computing toolkit\cuda\v6.5\include\math_functions.h(2700): warning C4819: 현재 코드 페이지(949)에서 표시할 수 없는 문자가 파일에 들어 있습니다. 데이터가 손실되지 않게 하려면 해당 파일을 유니코드 형식으로 저장하십시오.
     1>c:\program files\nvidia gpu computing toolkit\cuda\v6.5\include\math_functions.h(3633): warning C4819: 현재 코드 페이지(949)에서 표시할 수 없는 문자가 파일에 들어 있습니다. 데이터가 손실되지 않게 하려면 해당 파일을 유니코드 형식으로 저장하십시오.
     1>c:\program files\nvidia gpu computing toolkit\cuda\v6.5\include\math_functions.h(4541): warning C4819: 현재 코드 페이지(949)에서 표시할 수 없는 문자가 파일에 들어 있습니다. 데이터가 손실되지 않게 하려면 해당 파일을 유니코드 형식으로 저장하십시오.
     1>c:\program files\nvidia gpu computing toolkit\cuda\v6.5\include\math_functions.h(5447): warning C4819: 현재 코드 페이지(949)에서 표시할 수 없는 문자가 파일에 들어 있습니다. 데이터가 손실되지 않게 하려면 해당 파일을 유니코드 형식으로 저장하십시오.
     1>c:\program files\nvidia gpu computing toolkit\cuda\v6.5\include\math_functions.h(6341): warning C4819: 현재 코드 페이지(949)에서 표시할 수 없는 문자가 파일에 들어 있습니다. 데이터가 손실되지 않게 하려면 해당 파일을 유니코드 형식으로 저장하십시오.
     1>c:\program files\nvidia gpu computing toolkit\cuda\v6.5\include\math_functions.h(7191): warning C4819: 현재 코드 페이지(949)에서 표시할 수 없는 문자가 파일에 들어 있습니다. 데이터가 손실되지 않게 하려면 해당 파일을 유니코드 형식으로 저장하십시오.
     1>c:\program files\nvidia gpu computing toolkit\cuda\v6.5\include\math_functions.h : warning C4819: 현재 코드 페이지(949)에서 표시할 수 없는 문자가 파일에 들어 있습니다. 데이터가 손실되지 않게 하려면 해당 파일을 유니코드 형식으로 저장하십시오.
     1>c:\program files\nvidia gpu computing toolkit\cuda\v6.5\include\math_functions.h(853): warning C4819: 현재 코드 페이지(949)에서 표시할 수 없는 문자가 파일에 들어 있습니다. 데이터가 손실되지 않게 하려면 해당 파일을 유니코드 형식으로 저장하십시오.
     1>c:\program files\nvidia gpu computing toolkit\cuda\v6.5\include\math_functions.h(1820): warning C4819: 현재 코드 페이지(949)에서 표시할 수 없는 문자가 파일에 들어 있습니다. 데이터가 손실되지 않게 하려면 해당 파일을 유니코드 형식으로 저장하십시오.
     1>c:\program files\nvidia gpu computing toolkit\cuda\v6.5\include\math_functions.h(2700): warning C4819: 현재 코드 페이지(949)에서 표시할 수 없는 문자가 파일에 들어 있습니다. 데이터가 손실되지 않게 하려면 해당 파일을 유니코드 형식으로 저장하십시오.
     1>c:\program files\nvidia gpu computing toolkit\cuda\v6.5\include\math_functions.h(3633): warning C4819: 현재 코드 페이지(949)에서 표시할 수 없는 문자가 파일에 들어 있습니다. 데이터가 손실되지 않게 하려면 해당 파일을 유니코드 형식으로 저장하십시오.
     1>c:\program files\nvidia gpu computing toolkit\cuda\v6.5\include\math_functions.h(4541): warning C4819: 현재 코드 페이지(949)에서 표시할 수 없는 문자가 파일에 들어 있습니다. 데이터가 손실되지 않게 하려면 해당 파일을 유니코드 형식으로 저장하십시오.
     1>c:\program files\nvidia gpu computing toolkit\cuda\v6.5\include\math_functions.h(5447): warning C4819: 현재 코드 페이지(949)에서 표시할 수 없는 문자가 파일에 들어 있습니다. 데이터가 손실되지 않게 하려면 해당 파일을 유니코드 형식으로 저장하십시오.
     1>c:\program files\nvidia gpu computing toolkit\cuda\v6.5\include\math_functions.h(6341): warning C4819: 현재 코드 페이지(949)에서 표시할 수 없는 문자가 파일에 들어 있습니다. 데이터가 손실되지 않게 하려면 해당 파일을 유니코드 형식으로 저장하십시오.
     1>c:\program files\nvidia gpu computing toolkit\cuda\v6.5\include\math_functions.h(7191): warning C4819: 현재 코드 페이지(949)에서 표시할 수 없는 문자가 파일에 들어 있습니다. 데이터가 손실되지 않게 하려면 해당 파일을 유니코드 형식으로 저장하십시오.
     1>c:\program files\nvidia gpu computing toolkit\cuda\v6.5\include\device_functions_decls.h : warning C4819: 현재 코드 페이지(949)에서 표시할 수 없는 문자가 파일에 들어 있습니다. 데이터가 손실되지 않게 하려면 해당 파일을 유니코드 형식으로 저장하십시오.
     1>c:\program files\nvidia gpu computing toolkit\cuda\v6.5\include\device_functions_decls.h(948): warning C4819: 현재 코드 페이지(949)에서 표시할 수 없는 문자가 파일에 들어 있습니다. 데이터가 손실되지 않게 하려면 해당 파일을 유니코드 형식으로 저장하십시오.
     1>c:\program files\nvidia gpu computing toolkit\cuda\v6.5\include\device_functions_decls.h(1984): warning C4819: 현재 코드 페이지(949)에서 표시할 수 없는 문자가 파일에 들어 있습니다. 데이터가 손실되지 않게 하려면 해당 파일을 유니코드 형식으로 저장하십시오.
     1>c:\program files\nvidia gpu computing toolkit\cuda\v6.5\include\device_functions_decls.h(2932): warning C4819: 현재 코드 페이지(949)에서 표시할 수 없는 문자가 파일에 들어 있습니다. 데이터가 손실되지 않게 하려면 해당 파일을 유니코드 형식으로 저장하십시오.
     1>c:\program files\nvidia gpu computing toolkit\cuda\v6.5\include\device_functions_decls.h(3882): warning C4819: 현재 코드 페이지(949)에서 표시할 수 없는 문자가 파일에 들어 있습니다. 데이터가 손실되지 않게 하려면 해당 파일을 유니코드 형식으로 저장하십시오.
     1>c:\program files\nvidia gpu computing toolkit\cuda\v6.5\include\device_functions_decls.h(4853): warning C4819: 현재 코드 페이지(949)에서 표시할 수 없는 문자가 파일에 들어 있습니다. 데이터가 손실되지 않게 하려면 해당 파일을 유니코드 형식으로 저장하십시오.
     1>c:\program files\nvidia gpu computing toolkit\cuda\v6.5\include\device_functions_decls.h(5899): warning C4819: 현재 코드 페이지(949)에서 표시할 수 없는 문자가 파일에 들어 있습니다. 데이터가 손실되지 않게 하려면 해당 파일을 유니코드 형식으로 저장하십시오.
     1>c:\program files\nvidia gpu computing toolkit\cuda\v6.5\include\device_functions_decls.h(6842): warning C4819: 현재 코드 페이지(949)에서 표시할 수 없는 문자가 파일에 들어 있습니다. 데이터가 손실되지 않게 하려면 해당 파일을 유니코드 형식으로 저장하십시오.
     1>c:\program files\nvidia gpu computing toolkit\cuda\v6.5\include\device_functions_decls.h(7786): warning C4819: 현재 코드 페이지(949)에서 표시할 수 없는 문자가 파일에 들어 있습니다. 데이터가 손실되지 않게 하려면 해당 파일을 유니코드 형식으로 저장하십시오.
     1>c:\program files\nvidia gpu computing toolkit\cuda\v6.5\include\device_functions_decls.h(8712): warning C4819: 현재 코드 페이지(949)에서 표시할 수 없는 문자가 파일에 들어 있습니다. 데이터가 손실되지 않게 하려면 해당 파일을 유니코드 형식으로 저장하십시오.
     1>c:\program files\nvidia gpu computing toolkit\cuda\v6.5\include\device_functions_decls.h(9705): warning C4819: 현재 코드 페이지(949)에서 표시할 수 없는 문자가 파일에 들어 있습니다. 데이터가 손실되지 않게 하려면 해당 파일을 유니코드 형식으로 저장하십시오.
     1>c:\program files\nvidia gpu computing toolkit\cuda\v6.5\include\device_functions_decls.h(10766): warning C4819: 현재 코드 페이지(949)에서 표시할 수 없는 문자가 파일에 들어 있습니다. 데이터가 손실되지 않게 하려면 해당 파일을 유니코드 형식으로 저장하십시오.
     1>c:\program files\nvidia gpu computing toolkit\cuda\v6.5\include\device_functions.h : warning C4819: 현재 코드 페이지(949)에서 표시할 수 없는 문자가 파일에 들어 있습니다. 데이터가 손실되지 않게 하려면 해당 파일을 유니코드 형식으로 저장하십시오.
     1>c:\program files\nvidia gpu computing toolkit\cuda\v6.5\include\device_functions.h(783): warning C4819: 현재 코드 페이지(949)에서 표시할 수 없는 문자가 파일에 들어 있습니다. 데이터가 손실되지 않게 하려면 해당 파일을 유니코드 형식으로 저장하십시오.
     1>c:\program files\nvidia gpu computing toolkit\cuda\v6.5\include\device_functions.h(1659): warning C4819: 현재 코드 페이지(949)에서 표시할 수 없는 문자가 파일에 들어 있습니다. 데이터가 손실되지 않게 하려면 해당 파일을 유니코드 형식으로 저장하십시오.
     1>c:\program files\nvidia gpu computing toolkit\cuda\v6.5\include\sm_13_double_functions.h : warning C4819: 현재 코드 페이지(949)에서 표시할 수 없는 문자가 파일에 들어 있습니다. 데이터가 손실되지 않게 하려면 해당 파일을 유니코드 형식으로 저장하십시오.
     1>c:\program files\nvidia gpu computing toolkit\cuda\v6.5\include\math_functions.h : warning C4819: 현재 코드 페이지(949)에서 표시할 수 없는 문자가 파일에 들어 있습니다. 데이터가 손실되지 않게 하려면 해당 파일을 유니코드 형식으로 저장하십시오.
     1>c:\program files\nvidia gpu computing toolkit\cuda\v6.5\include\math_functions.h(853): warning C4819: 현재 코드 페이지(949)에서 표시할 수 없는 문자가 파일에 들어 있습니다. 데이터가 손실되지 않게 하려면 해당 파일을 유니코드 형식으로 저장하십시오.
     1>c:\program files\nvidia gpu computing toolkit\cuda\v6.5\include\math_functions.h(1820): warning C4819: 현재 코드 페이지(949)에서 표시할 수 없는 문자가 파일에 들어 있습니다. 데이터가 손실되지 않게 하려면 해당 파일을 유니코드 형식으로 저장하십시오.
     1>c:\program files\nvidia gpu computing toolkit\cuda\v6.5\include\math_functions.h(2700): warning C4819: 현재 코드 페이지(949)에서 표시할 수 없는 문자가 파일에 들어 있습니다. 데이터가 손실되지 않게 하려면 해당 파일을 유니코드 형식으로 저장하십시오.
     1>c:\program files\nvidia gpu computing toolkit\cuda\v6.5\include\math_functions.h(3633): warning C4819: 현재 코드 페이지(949)에서 표시할 수 없는 문자가 파일에 들어 있습니다. 데이터가 손실되지 않게 하려면 해당 파일을 유니코드 형식으로 저장하십시오.
     1>c:\program files\nvidia gpu computing toolkit\cuda\v6.5\include\math_functions.h(4541): warning C4819: 현재 코드 페이지(949)에서 표시할 수 없는 문자가 파일에 들어 있습니다. 데이터가 손실되지 않게 하려면 해당 파일을 유니코드 형식으로 저장하십시오.
     1>c:\program files\nvidia gpu computing toolkit\cuda\v6.5\include\math_functions.h(5447): warning C4819: 현재 코드 페이지(949)에서 표시할 수 없는 문자가 파일에 들어 있습니다. 데이터가 손실되지 않게 하려면 해당 파일을 유니코드 형식으로 저장하십시오.
     1>c:\program files\nvidia gpu computing toolkit\cuda\v6.5\include\math_functions.h(6341): warning C4819: 현재 코드 페이지(949)에서 표시할 수 없는 문자가 파일에 들어 있습니다. 데이터가 손실되지 않게 하려면 해당 파일을 유니코드 형식으로 저장하십시오.
     1>c:\program files\nvidia gpu computing toolkit\cuda\v6.5\include\math_functions.h(7191): warning C4819: 현재 코드 페이지(949)에서 표시할 수 없는 문자가 파일에 들어 있습니다. 데이터가 손실되지 않게 하려면 해당 파일을 유니코드 형식으로 저장하십시오.
     1>c:\program files\nvidia gpu computing toolkit\cuda\v6.5\include\device_functions.h : warning C4819: 현재 코드 페이지(949)에서 표시할 수 없는 문자가 파일에 들어 있습니다. 데이터가 손실되지 않게 하려면 해당 파일을 유니코드 형식으로 저장하십시오.
     1>c:\program files\nvidia gpu computing toolkit\cuda\v6.5\include\device_functions.h(783): warning C4819: 현재 코드 페이지(949)에서 표시할 수 없는 문자가 파일에 들어 있습니다. 데이터가 손실되지 않게 하려면 해당 파일을 유니코드 형식으로 저장하십시오.
     1>c:\program files\nvidia gpu computing toolkit\cuda\v6.5\include\device_functions.h(1659): warning C4819: 현재 코드 페이지(949)에서 표시할 수 없는 문자가 파일에 들어 있습니다. 데이터가 손실되지 않게 하려면 해당 파일을 유니코드 형식으로 저장하십시오.
     1>c:\program files\nvidia gpu computing toolkit\cuda\v6.5\include\sm_13_double_functions.h : warning C4819: 현재 코드 페이지(949)에서 표시할 수 없는 문자가 파일에 들어 있습니다. 데이터가 손실되지 않게 하려면 해당 파일을 유니코드 형식으로 저장하십시오.
     1>I:/201321715이지혜_RayTracing/RayTracingAni/RayTracingAni.cu(174): warning : initial value of reference to non-const must be an lvalue
         
     1>I:/201321715이지혜_RayTracing/RayTracingAni/RayTracingAni.cu(177): warning : missing return statement at end of non-void function "TestIntersection(Ray, Cone, float3 &, float3 &)"
         
     1>I:/201321715이지혜_RayTracing/RayTracingAni/RayTracingAni.cu(191): warning : initial value of reference to non-const must be an lvalue
         
     1>I:/201321715이지혜_RayTracing/RayTracingAni/RayTracingAni.cu(195): warning : initial value of reference to non-const must be an lvalue
         
     1>I:/201321715이지혜_RayTracing/RayTracingAni/RayTracingAni.cu(214): warning : initial value of reference to non-const must be an lvalue
         
     1>I:/201321715이지혜_RayTracing/RayTracingAni/RayTracingAni.cu(219): warning : initial value of reference to non-const must be an lvalue
         
     1>I:/201321715이지혜_RayTracing/RayTracingAni/RayTracingAni.cu(287): warning : initial value of reference to non-const must be an lvalue
         
     1>I:/201321715이지혜_RayTracing/RayTracingAni/RayTracingAni.cu(299): warning : initial value of reference to non-const must be an lvalue
         
     1>c:\program files\nvidia gpu computing toolkit\cuda\v6.5\include\math_functions.h : warning C4819: 현재 코드 페이지(949)에서 표시할 수 없는 문자가 파일에 들어 있습니다. 데이터가 손실되지 않게 하려면 해당 파일을 유니코드 형식으로 저장하십시오.
     1>c:\program files\nvidia gpu computing toolkit\cuda\v6.5\include\math_functions.h(853): warning C4819: 현재 코드 페이지(949)에서 표시할 수 없는 문자가 파일에 들어 있습니다. 데이터가 손실되지 않게 하려면 해당 파일을 유니코드 형식으로 저장하십시오.
     1>c:\program files\nvidia gpu computing toolkit\cuda\v6.5\include\math_functions.h(1820): warning C4819: 현재 코드 페이지(949)에서 표시할 수 없는 문자가 파일에 들어 있습니다. 데이터가 손실되지 않게 하려면 해당 파일을 유니코드 형식으로 저장하십시오.
     1>c:\program files\nvidia gpu computing toolkit\cuda\v6.5\include\math_functions.h(2700): warning C4819: 현재 코드 페이지(949)에서 표시할 수 없는 문자가 파일에 들어 있습니다. 데이터가 손실되지 않게 하려면 해당 파일을 유니코드 형식으로 저장하십시오.
     1>c:\program files\nvidia gpu computing toolkit\cuda\v6.5\include\math_functions.h(3633): warning C4819: 현재 코드 페이지(949)에서 표시할 수 없는 문자가 파일에 들어 있습니다. 데이터가 손실되지 않게 하려면 해당 파일을 유니코드 형식으로 저장하십시오.
     1>c:\program files\nvidia gpu computing toolkit\cuda\v6.5\include\math_functions.h(4541): warning C4819: 현재 코드 페이지(949)에서 표시할 수 없는 문자가 파일에 들어 있습니다. 데이터가 손실되지 않게 하려면 해당 파일을 유니코드 형식으로 저장하십시오.
     1>c:\program files\nvidia gpu computing toolkit\cuda\v6.5\include\math_functions.h(5447): warning C4819: 현재 코드 페이지(949)에서 표시할 수 없는 문자가 파일에 들어 있습니다. 데이터가 손실되지 않게 하려면 해당 파일을 유니코드 형식으로 저장하십시오.
     1>c:\program files\nvidia gpu computing toolkit\cuda\v6.5\include\math_functions.h(6341): warning C4819: 현재 코드 페이지(949)에서 표시할 수 없는 문자가 파일에 들어 있습니다. 데이터가 손실되지 않게 하려면 해당 파일을 유니코드 형식으로 저장하십시오.
     1>c:\program files\nvidia gpu computing toolkit\cuda\v6.5\include\math_functions.h(7191): warning C4819: 현재 코드 페이지(949)에서 표시할 수 없는 문자가 파일에 들어 있습니다. 데이터가 손실되지 않게 하려면 해당 파일을 유니코드 형식으로 저장하십시오.
         RayTracingAni.cu
       ClCompile:
         C:\Program Files (x86)\Microsoft Visual Studio 10.0\VC\bin\CL.exe /c /I../Include /I"C:\Program Files\NVIDIA GPU Computing Toolkit\CUDA\v6.5\include" /I"C:\Program Files\NVIDIA GPU Computing Toolkit\CUDA\v6.5\include" /Zi /nologo /W3 /WX- /O2 /Oi /Oy- /GL /D FL_DLL /D WIN32 /D NDEBUG /D _CONSOLE /D _MBCS /Gm- /EHsc /MD /GS /Gy /fp:precise /Zc:wchar_t /Zc:forScope /Fo"Release\\" /Fd"Release\vc100.pdb" /Gd /TP /analyze- /errorReport:prompt RayTracingAni_main.cpp
         RayTracingAni_main.cpp
       Link:
         C:\Program Files (x86)\Microsoft Visual Studio 10.0\VC\bin\link.exe /ERRORREPORT:PROMPT /OUT:"I:\201321715이지혜_RayTracing\Release\RayTracingAni.exe" /NOLOGO /LIBPATH:../Lib /LIBPATH:"C:\Program Files\NVIDIA GPU Computing Toolkit\CUDA\v6.5\lib\Win32" /LIBPATH:"C:\Program Files\NVIDIA GPU Computing Toolkit\CUDA\v6.5\lib\Win32" fltkdll.lib cudart.lib kernel32.lib user32.lib gdi32.lib winspool.lib comdlg32.lib advapi32.lib shell32.lib ole32.lib oleaut32.lib uuid.lib odbc32.lib odbccp32.lib kernel32.lib user32.lib gdi32.lib winspool.lib comdlg32.lib advapi32.lib shell32.lib ole32.lib oleaut32.lib uuid.lib odbc32.lib odbccp32.lib /MANIFEST /ManifestFile:"Release\RayTracingAni.exe.intermediate.manifest" /MANIFESTUAC:"level='asInvoker' uiAccess='false'" /DEBUG /PDB:"I:\201321715이지혜_RayTracing\Release\RayTracingAni.pdb" /SUBSYSTEM:CONSOLE /OPT:REF /OPT:ICF /LTCG /TLBID:1 /DYNAMICBASE /NXCOMPAT /IMPLIB:"I:\201321715이지혜_RayTracing\Release\RayTracingAni.lib" /MACHINE:X86 Release\RayTracingAni.cu.obj
         Release\RayTracingAni_main.obj
         코드를 생성하고 있습니다.
         코드를 생성했습니다.
         RayTracingAni.vcxproj -> I:\201321715이지혜_RayTracing\Release\RayTracingAni.exe
       Manifest:
         C:\Program Files (x86)\Microsoft SDKs\Windows\v7.0A\bin\mt.exe /nologo /verbose /outputresource:"I:\201321715이지혜_RayTracing\Release\RayTracingAni.exe;#1" /manifest Release\RayTracingAni.exe.intermediate.manifest
       PostBuildEvent:
         echo copy "C:\Program Files\NVIDIA GPU Computing Toolkit\CUDA\v6.5\bin\cudart*.dll" "I:\201321715이지혜_RayTracing\Release\"
         copy "C:\Program Files\NVIDIA GPU Computing Toolkit\CUDA\v6.5\bin\cudart*.dll" "I:\201321715이지혜_RayTracing\Release\"
         :VCEnd
         copy "C:\Program Files\NVIDIA GPU Computing Toolkit\CUDA\v6.5\bin\cudart*.dll" "I:\201321715이지혜_RayTracing\Release\"
         C:\Program Files\NVIDIA GPU Computing Toolkit\CUDA\v6.5\bin\cudart32_65.dll
         C:\Program Files\NVIDIA GPU Computing Toolkit\CUDA\v6.5\bin\cudart64_65.dll
                 2개 파일이 복사되었습니다.
       FinalizeBuildStatus:
         "Release\RayTracingAni.unsuccessfulbuild" 파일을 삭제하고 있습니다.
         "Release\RayTracingAni.lastbuildstate"에 연결(touching)하고 있습니다.
     1>"I:\201321715이지혜_RayTracing\RayTracingAni\RayTracingAni.vcxproj" 프로젝트를 빌드했습니다(build 대상).

빌드했습니다.

경과 시간: 00:00:08.25
